Using pre-set license
Built from '2020.3/staging' branch; Version is '2020.3.13f1 (71691879b7f5) revision 7432472'; Using compiler version '192528614'; Build Type 'Release'
OS: 'Windows 10 Pro; OS build 19043.1415; Version 2009; 64bit' Language: 'en' Physical Memory: 16318 MB
BatchMode: 1, IsHumanControllingUs: 0, StartBugReporterOnCrash: 0, Is64bit: 1, IsPro: 0

 COMMAND LINE ARGUMENTS:
C:\Program Files\Unity\Hub\Editor\2020.3.13f1\Editor\Unity.exe
-adb2
-batchMode
-noUpm
-name
AssetImportWorker0
-projectPath
F:/UNITY PROJECTS/Physics Animation
-logFile
Logs/AssetImportWorker0.log
-srvPort
60898
Successfully changed project path to: F:/UNITY PROJECTS/Physics Animation
F:/UNITY PROJECTS/Physics Animation
Using Asset Import Pipeline V2.
Refreshing native plugins compatible for Editor in 34.45 ms, found 2 plugins.
Preloading 0 native plugins for Editor in 0.00 ms.
Initialize engine version: 2020.3.13f1 (71691879b7f5)
[Subsystems] Discovering subsystems at path C:/Program Files/Unity/Hub/Editor/2020.3.13f1/Editor/Data/Resources/UnitySubsystems
[Subsystems] Discovering subsystems at path F:/UNITY PROJECTS/Physics Animation/Assets
GfxDevice: creating device client; threaded=0
Direct3D:
    Version:  Direct3D 11.0 [level 11.1]
    Renderer: NVIDIA GeForce GTX 1060 6GB (ID=0x1c03)
    Vendor:   
    VRAM:     6052 MB
    Driver:   30.0.14.9649
Initialize mono
Mono path[0] = 'C:/Program Files/Unity/Hub/Editor/2020.3.13f1/Editor/Data/Managed'
Mono path[1] = 'C:/Program Files/Unity/Hub/Editor/2020.3.13f1/Editor/Data/MonoBleedingEdge/lib/mono/unityjit'
Mono config path = 'C:/Program Files/Unity/Hub/Editor/2020.3.13f1/Editor/Data/MonoBleedingEdge/etc'
Using monoOptions --debugger-agent=transport=dt_socket,embedding=1,server=y,suspend=n,address=127.0.0.1:56860
Begin MonoManager ReloadAssembly
Registering precompiled unity dll's ...
Register platform support module: C:/Program Files/Unity/Hub/Editor/2020.3.13f1/Editor/Data/PlaybackEngines/WebGLSupport/UnityEditor.WebGL.Extensions.dll
Register platform support module: C:/Program Files/Unity/Hub/Editor/2020.3.13f1/Editor/Data/PlaybackEngines/WindowsStandaloneSupport/UnityEditor.WindowsStandalone.Extensions.dll
Registered in 0.004491 seconds.
Native extension for WindowsStandalone target not found
Native extension for WebGL target not found
Refreshing native plugins compatible for Editor in 33.64 ms, found 2 plugins.
Preloading 0 native plugins for Editor in 0.00 ms.
Mono: successfully reloaded assembly
- Completed reload, in  2.601 seconds
Platform modules already initialized, skipping
Registering precompiled user dll's ...
Registered in 0.005051 seconds.
Begin MonoManager ReloadAssembly
Native extension for WindowsStandalone target not found
Native extension for WebGL target not found
Refreshing native plugins compatible for Editor in 0.56 ms, found 2 plugins.
Preloading 0 native plugins for Editor in 0.00 ms.
Mono: successfully reloaded assembly
- Completed reload, in  1.218 seconds
Platform modules already initialized, skipping
========================================================================
Worker process is ready to serve import requests
Launched and connected shader compiler UnityShaderCompiler.exe after 0.06 seconds
Refreshing native plugins compatible for Editor in 0.62 ms, found 2 plugins.
Preloading 0 native plugins for Editor in 0.00 ms.
Unloading 1396 Unused Serialized files (Serialized files now loaded: 0)
System memory in use before: 65.3 MB.
System memory in use after: 65.4 MB.

Unloading 19 unused Assets to reduce memory usage. Loaded Objects now: 1831.
Total: 2.964900 ms (FindLiveObjects: 0.272800 ms CreateObjectMapping: 0.051100 ms MarkObjects: 2.535100 ms  DeleteObjects: 0.104000 ms)

AssetImportParameters requested are different than current active one (requested -> active):
  custom:framework-win-MediaFoundation: 216162199b28c13a410421893ffa2e32 -> 
  custom:video-decoder-ogg-theora: a1e56fd34408186e4bbccfd4996cb3dc -> 
  custom:container-muxer-webm: aa71ff27fc2769a1b78a27578f13a17b -> 
  custom:container-demuxer-webm: 4f35f7cbe854078d1ac9338744f61a02 -> 
  custom:container-demuxer-ogg: 62fdf1f143b41e24485cea50d1cbac27 -> 
  custom:video-encoder-webm-vp8: eb34c28f22e8b96e1ab97ce403110664 -> 
  custom:video-codec-MediaFoundation-h265: 746d11721c4dcdbdad8f713fa42b33f4 -> 
  custom:video-decoder-webm-vp8: 9c59270c3fd7afecdb556c50c9e8de78 -> 
  custom:audio-decoder-ogg-vorbis: bf7c407c2cedff20999df2af8eb42d56 -> 
  custom:audio-encoder-webm-vorbis: bf7c407c2cedff20999df2af8eb42d56 -> 
========================================================================
Received Import Request.
  path: Assets/Main.prefab
  artifactKey: Guid(e5943b30d2cfdb0498dee1509251be72) Importer(815301076,1909f56bfc062723c751e8b465ee728b)
Start importing Assets/Main.prefab using Guid(e5943b30d2cfdb0498dee1509251be72) Importer(815301076,1909f56bfc062723c751e8b465ee728b)  -> (artifact id: 'afb2ecdc9ebbdfd7c62fc060d33375bc') in 0.217450 seconds 
  Import took 0.221008 seconds .

========================================================================
Received Import Request.
  Time since last request: 62.803831 seconds.
  path: Assets/Hand Painted Seamless Wood Texture/Textures/Wood2.tga
  artifactKey: Guid(fa79f310fc4924e4cabca0791e343bfb) Importer(815301076,1909f56bfc062723c751e8b465ee728b)
Start importing Assets/Hand Painted Seamless Wood Texture/Textures/Wood2.tga using Guid(fa79f310fc4924e4cabca0791e343bfb) Importer(815301076,1909f56bfc062723c751e8b465ee728b)  -> (artifact id: 'd3ba33c40a86a46be43996359e3bc7e9') in 0.040251 seconds 
  Import took 0.043557 seconds .

========================================================================
Received Import Request.
  Time since last request: 0.066374 seconds.
  path: Assets/Hand Painted Seamless Wood Texture/Textures/Wood3.tga
  artifactKey: Guid(3c63e2e318876fc4ebc6ba149de82007) Importer(815301076,1909f56bfc062723c751e8b465ee728b)
Start importing Assets/Hand Painted Seamless Wood Texture/Textures/Wood3.tga using Guid(3c63e2e318876fc4ebc6ba149de82007) Importer(815301076,1909f56bfc062723c751e8b465ee728b)  -> (artifact id: '5530321635470a758354a9f0571ce3c4') in 0.013568 seconds 
  Import took 0.016405 seconds .

========================================================================
Received Import Request.
  Time since last request: 0.082864 seconds.
  path: Assets/Hand Painted Seamless Wood Texture/Textures/Wood1.tga
  artifactKey: Guid(631f4638e5d3f984f859365bccca3d18) Importer(815301076,1909f56bfc062723c751e8b465ee728b)
Start importing Assets/Hand Painted Seamless Wood Texture/Textures/Wood1.tga using Guid(631f4638e5d3f984f859365bccca3d18) Importer(815301076,1909f56bfc062723c751e8b465ee728b)  -> (artifact id: '12d83df9fc4ead889c802495956914bf') in 0.015249 seconds 
  Import took 0.017892 seconds .

